<?xml version="1.0" encoding="UTF-8"?>
<testng-results ignored="0" total="1" passed="1" failed="0" skipped="0">
  <reporter-output>
  </reporter-output>
  <suite started-at="2024-08-06T16:22:47 IST" name="Default suite" finished-at="2024-08-06T16:22:50 IST" duration-ms="2644">
    <groups>
    </groups>
    <test started-at="2024-08-06T16:22:47 IST" name="Default test" finished-at="2024-08-06T16:22:50 IST" duration-ms="2644">
      <class name="Test1.pst_method">
        <test-method signature="post_method()[pri:0, instance:Test1.pst_method@53fe15ff]" started-at="2024-08-06T16:22:47 IST" name="post_method" finished-at="2024-08-06T16:22:50 IST" duration-ms="2603" status="PASS">
          <reporter-output>
          </reporter-output>
        </test-method> <!-- post_method -->
      </class> <!-- Test1.pst_method -->
    </test> <!-- Default test -->
  </suite> <!-- Default suite -->
</testng-results>
